<?xml version="1.0" encoding="UTF-8"?>
<testsuite xmlns:xsi="http://www.w3.org/2001/XMLSchema-instance" xsi:noNamespaceSchemaLocation="https://maven.apache.org/surefire/maven-surefire-plugin/xsd/surefire-test-report-3.0.xsd" version="3.0" name="com.example.EmailNotificationMicroService.EmailNotificationMicroServiceApplicationTests" time="6.753" tests="1" errors="0" skipped="0" failures="0">
  <properties>
[...]
</properties>
  <testcase name="contextLoads" classname="com.example.EmailNotificationMicroService.EmailNotificationMicroServiceApplicationTests" time="2.543">
    <system-out><![CDATA[16:24:44.764 [main] INFO org.springframework.test.context.support.AnnotationConfigContextLoaderUtils -- Could not detect default configuration classes for test class [com.example.EmailNotificationMicroService.EmailNotificationMicroServiceApplicationTests]: EmailNotificationMicroServiceApplicationTests does not declare any static, non-private, non-final, nested classes annotated with @Configuration.
16:24:45.130 [main] INFO org.springframework.boot.test.context.SpringBootTestContextBootstrapper -- Found @SpringBootConfiguration com.example.EmailNotificationMicroService.EmailNotificationMicroServiceApplication for test class com.example.EmailNotificationMicroService.EmailNotificationMicroServiceApplicationTests
16:24:45.445 [main] INFO org.springframework.boot.devtools.restart.RestartApplicationListener -- Restart disabled due to context in which it is running

  .   ____          _            __ _ _
 /\\ / ___'_ __ _ _(_)_ __  __ _ \ \ \ \
( ( )\___ | '_ | '_| | '_ \/ _` | \ \ \ \
 \\/  ___)| |_)| | | | | || (_| |  ) ) ) )
  '  |____| .__|_| |_|_| |_\__, | / / / /
 =========|_|==============|___/=/_/_/_/
 :: Spring Boot ::                (v3.2.5)

2024-05-06T16:24:45.932+03:00  INFO 20192 --- [EmailNotificationMicroService] [           main] NotificationMicroServiceApplicationTests : Starting EmailNotificationMicroServiceApplicationTests using Java 20.0.2 with PID 20192 (started by HP in C:\Users\HP\Downloads\EmailNotificationMicroService)
2024-05-06T16:24:45.937+03:00  INFO 20192 --- [EmailNotificationMicroService] [           main] NotificationMicroServiceApplicationTests : No active profile set, falling back to 1 default profile: "default"
2024-05-06T16:24:48.112+03:00  INFO 20192 --- [EmailNotificationMicroService] [           main] NotificationMicroServiceApplicationTests : Started EmailNotificationMicroServiceApplicationTests in 2.713 seconds (process running for 6.228)
]]></system-out>
  </testcase>
</testsuite>